<?xml version="1.0" encoding="UTF-8"?>
<testng-results skipped="0" failed="0" total="2" passed="2">
  <reporter-output>
  </reporter-output>
  <suite name="Suite" duration-ms="51" started-at="2016-06-15T08:38:06Z" finished-at="2016-06-15T08:38:07Z">
    <groups>
    </groups>
    <test name="Test" duration-ms="51" started-at="2016-06-15T08:38:06Z" finished-at="2016-06-15T08:38:07Z">
      <class name="testng_package.TestEmployeeDetails">
        <test-method status="PASS" signature="testCalculateAppriasal()[pri:0, instance:testng_package.TestEmployeeDetails@170b890]" name="testCalculateAppriasal" duration-ms="10" started-at="2016-06-15T14:08:07Z" finished-at="2016-06-15T14:08:07Z">
          <reporter-output>
          </reporter-output>
        </test-method> <!-- testCalculateAppriasal -->
        <test-method status="PASS" signature="testCalculateYearlySalary()[pri:0, instance:testng_package.TestEmployeeDetails@170b890]" name="testCalculateYearlySalary" duration-ms="0" started-at="2016-06-15T14:08:07Z" finished-at="2016-06-15T14:08:07Z">
          <reporter-output>
          </reporter-output>
        </test-method> <!-- testCalculateYearlySalary -->
      </class> <!-- testng_package.TestEmployeeDetails -->
    </test> <!-- Test -->
  </suite> <!-- Suite -->
</testng-results>
